<?xml version="1.0" encoding="UTF-8"?>
<coverage generated="1690498494127" clover="3.2.0">
  <project timestamp="1690498494127" name="All files">
    <metrics statements="34" coveredstatements="23" conditionals="2" coveredconditionals="0" methods="22" coveredmethods="13" elements="58" coveredelements="36" complexity="0" loc="34" ncloc="34" packages="1" files="2" classes="2"/>
    <file name="bugs.js" path="/Users/kjrkessler/Coding/Coding-With-Mosh/Redux/redux-starter/src/store/bugs.js">
      <metrics statements="33" coveredstatements="22" conditionals="2" coveredconditionals="0" methods="21" coveredmethods="12"/>
      <line num="6" count="1" type="stmt"/>
      <line num="15" count="1" type="stmt"/>
      <line num="19" count="1" type="stmt"/>
      <line num="20" count="1" type="stmt"/>
      <line num="21" count="1" type="stmt"/>
      <line num="25" count="1" type="stmt"/>
      <line num="29" count="0" type="stmt"/>
      <line num="30" count="0" type="stmt"/>
      <line num="31" count="0" type="stmt"/>
      <line num="35" count="3" type="stmt"/>
      <line num="39" count="1" type="stmt"/>
      <line num="40" count="1" type="stmt"/>
      <line num="52" count="1" type="stmt"/>
      <line num="55" count="1" type="stmt"/>
      <line num="57" count="1" type="stmt"/>
      <line num="58" count="0" type="stmt"/>
      <line num="60" count="0" type="stmt"/>
      <line num="61" count="0" type="cond" truecount="0" falsecount="2"/>
      <line num="63" count="0" type="stmt"/>
      <line num="73" count="1" type="stmt"/>
      <line num="74" count="4" type="stmt"/>
      <line num="81" count="1" type="stmt"/>
      <line num="82" count="2" type="stmt"/>
      <line num="89" count="1" type="stmt"/>
      <line num="90" count="0" type="stmt"/>
      <line num="97" count="1" type="stmt"/>
      <line num="98" count="1" type="stmt"/>
      <line num="99" count="1" type="stmt"/>
      <line num="100" count="3" type="stmt"/>
      <line num="103" count="1" type="stmt"/>
      <line num="104" count="0" type="stmt"/>
      <line num="105" count="0" type="stmt"/>
      <line num="106" count="0" type="stmt"/>
    </file>
    <file name="configureStore.js" path="/Users/kjrkessler/Coding/Coding-With-Mosh/Redux/redux-starter/src/store/configureStore.js">
      <metrics statements="1" coveredstatements="1" conditionals="0" coveredconditionals="0" methods="1" coveredmethods="1"/>
      <line num="8" count="8" type="stmt"/>
    </file>
  </project>
</coverage>
