{"/Users/kjrkessler/Coding/Coding-With-Mosh/Redux/redux-starter/src/store/bugs.js": {"path":"/Users/kjrkessler/Coding/Coding-With-Mosh/Redux/redux-starter/src/store/bugs.js","statementMap":{"0":{"start":{"line":6,"column":14},"end":{"line":43,"column":2}},"1":{"start":{"line":15,"column":3},"end":{"line":15,"column":23}},"2":{"start":{"line":19,"column":3},"end":{"line":19,"column":30}},"3":{"start":{"line":20,"column":3},"end":{"line":20,"column":24}},"4":{"start":{"line":21,"column":3},"end":{"line":21,"column":31}},"5":{"start":{"line":25,"column":3},"end":{"line":25,"column":24}},"6":{"start":{"line":29,"column":33},"end":{"line":29,"column":47}},"7":{"start":{"line":30,"column":17},"end":{"line":30,"column":63}},"8":{"start":{"line":30,"column":46},"end":{"line":30,"column":62}},"9":{"start":{"line":31,"column":3},"end":{"line":31,"column":36}},"10":{"start":{"line":35,"column":3},"end":{"line":35,"column":34}},"11":{"start":{"line":39,"column":17},"end":{"line":39,"column":75}},"12":{"start":{"line":39,"column":46},"end":{"line":39,"column":74}},"13":{"start":{"line":40,"column":3},"end":{"line":40,"column":36}},"14":{"start":{"line":52,"column":4},"end":{"line":52,"column":17}},"15":{"start":{"line":55,"column":12},"end":{"line":55,"column":19}},"16":{"start":{"line":57,"column":24},"end":{"line":71,"column":1}},"17":{"start":{"line":57,"column":30},"end":{"line":71,"column":1}},"18":{"start":{"line":58,"column":23},"end":{"line":58,"column":47}},"19":{"start":{"line":60,"column":23},"end":{"line":60,"column":66}},"20":{"start":{"line":61,"column":1},"end":{"line":61,"column":32}},"21":{"start":{"line":61,"column":25},"end":{"line":61,"column":32}},"22":{"start":{"line":63,"column":1},"end":{"line":70,"column":3}},"23":{"start":{"line":73,"column":22},"end":{"line":79,"column":3}},"24":{"start":{"line":74,"column":1},"end":{"line":79,"column":3}},"25":{"start":{"line":81,"column":26},"end":{"line":87,"column":3}},"26":{"start":{"line":82,"column":1},"end":{"line":87,"column":3}},"27":{"start":{"line":89,"column":31},"end":{"line":95,"column":3}},"28":{"start":{"line":90,"column":1},"end":{"line":95,"column":3}},"29":{"start":{"line":97,"column":33},"end":{"line":101,"column":1}},"30":{"start":{"line":98,"column":12},"end":{"line":98,"column":31}},"31":{"start":{"line":99,"column":12},"end":{"line":99,"column":35}},"32":{"start":{"line":100,"column":21},"end":{"line":100,"column":61}},"33":{"start":{"line":100,"column":47},"end":{"line":100,"column":60}},"34":{"start":{"line":103,"column":29},"end":{"line":107,"column":2}},"35":{"start":{"line":104,"column":1},"end":{"line":107,"column":2}},"36":{"start":{"line":105,"column":13},"end":{"line":105,"column":32}},"37":{"start":{"line":106,"column":12},"end":{"line":106,"column":55}},"38":{"start":{"line":106,"column":33},"end":{"line":106,"column":54}}},"fnMap":{"0":{"name":"(anonymous_0)","decl":{"start":{"line":14,"column":17},"end":{"line":14,"column":18}},"loc":{"start":{"line":14,"column":35},"end":{"line":16,"column":3}},"line":14},"1":{"name":"(anonymous_1)","decl":{"start":{"line":18,"column":16},"end":{"line":18,"column":17}},"loc":{"start":{"line":18,"column":34},"end":{"line":22,"column":3}},"line":18},"2":{"name":"(anonymous_2)","decl":{"start":{"line":24,"column":21},"end":{"line":24,"column":22}},"loc":{"start":{"line":24,"column":39},"end":{"line":26,"column":3}},"line":24},"3":{"name":"(anonymous_3)","decl":{"start":{"line":28,"column":21},"end":{"line":28,"column":22}},"loc":{"start":{"line":28,"column":39},"end":{"line":32,"column":3}},"line":28},"4":{"name":"(anonymous_4)","decl":{"start":{"line":30,"column":37},"end":{"line":30,"column":38}},"loc":{"start":{"line":30,"column":46},"end":{"line":30,"column":62}},"line":30},"5":{"name":"(anonymous_5)","decl":{"start":{"line":34,"column":12},"end":{"line":34,"column":13}},"loc":{"start":{"line":34,"column":30},"end":{"line":36,"column":3}},"line":34},"6":{"name":"(anonymous_6)","decl":{"start":{"line":38,"column":15},"end":{"line":38,"column":16}},"loc":{"start":{"line":38,"column":33},"end":{"line":41,"column":3}},"line":38},"7":{"name":"(anonymous_7)","decl":{"start":{"line":39,"column":37},"end":{"line":39,"column":38}},"loc":{"start":{"line":39,"column":46},"end":{"line":39,"column":74}},"line":39},"8":{"name":"(anonymous_8)","decl":{"start":{"line":57,"column":24},"end":{"line":57,"column":25}},"loc":{"start":{"line":57,"column":30},"end":{"line":71,"column":1}},"line":57},"9":{"name":"(anonymous_9)","decl":{"start":{"line":57,"column":30},"end":{"line":57,"column":31}},"loc":{"start":{"line":57,"column":54},"end":{"line":71,"column":1}},"line":57},"10":{"name":"(anonymous_10)","decl":{"start":{"line":73,"column":22},"end":{"line":73,"column":23}},"loc":{"start":{"line":74,"column":1},"end":{"line":79,"column":3}},"line":74},"11":{"name":"(anonymous_11)","decl":{"start":{"line":81,"column":26},"end":{"line":81,"column":27}},"loc":{"start":{"line":82,"column":1},"end":{"line":87,"column":3}},"line":82},"12":{"name":"(anonymous_12)","decl":{"start":{"line":89,"column":31},"end":{"line":89,"column":32}},"loc":{"start":{"line":90,"column":1},"end":{"line":95,"column":3}},"line":90},"13":{"name":"(anonymous_13)","decl":{"start":{"line":98,"column":1},"end":{"line":98,"column":2}},"loc":{"start":{"line":98,"column":12},"end":{"line":98,"column":31}},"line":98},"14":{"name":"(anonymous_14)","decl":{"start":{"line":99,"column":1},"end":{"line":99,"column":2}},"loc":{"start":{"line":99,"column":12},"end":{"line":99,"column":35}},"line":99},"15":{"name":"(anonymous_15)","decl":{"start":{"line":100,"column":1},"end":{"line":100,"column":2}},"loc":{"start":{"line":100,"column":21},"end":{"line":100,"column":61}},"line":100},"16":{"name":"(anonymous_16)","decl":{"start":{"line":100,"column":38},"end":{"line":100,"column":39}},"loc":{"start":{"line":100,"column":47},"end":{"line":100,"column":60}},"line":100},"17":{"name":"(anonymous_17)","decl":{"start":{"line":103,"column":29},"end":{"line":103,"column":30}},"loc":{"start":{"line":104,"column":1},"end":{"line":107,"column":2}},"line":104},"18":{"name":"(anonymous_18)","decl":{"start":{"line":105,"column":2},"end":{"line":105,"column":3}},"loc":{"start":{"line":105,"column":13},"end":{"line":105,"column":32}},"line":105},"19":{"name":"(anonymous_19)","decl":{"start":{"line":106,"column":2},"end":{"line":106,"column":3}},"loc":{"start":{"line":106,"column":12},"end":{"line":106,"column":55}},"line":106},"20":{"name":"(anonymous_20)","decl":{"start":{"line":106,"column":24},"end":{"line":106,"column":25}},"loc":{"start":{"line":106,"column":33},"end":{"line":106,"column":54}},"line":106}},"branchMap":{"0":{"loc":{"start":{"line":61,"column":1},"end":{"line":61,"column":32}},"type":"if","locations":[{"start":{"line":61,"column":1},"end":{"line":61,"column":32}},{"start":{},"end":{}}],"line":61}},"s":{"0":1,"1":1,"2":1,"3":1,"4":1,"5":1,"6":0,"7":0,"8":0,"9":0,"10":3,"11":1,"12":1,"13":1,"14":1,"15":1,"16":1,"17":0,"18":0,"19":0,"20":0,"21":0,"22":0,"23":1,"24":4,"25":1,"26":2,"27":1,"28":0,"29":1,"30":1,"31":1,"32":1,"33":3,"34":1,"35":0,"36":0,"37":0,"38":0},"f":{"0":1,"1":1,"2":1,"3":0,"4":0,"5":3,"6":1,"7":1,"8":0,"9":0,"10":4,"11":2,"12":0,"13":1,"14":1,"15":1,"16":3,"17":0,"18":0,"19":0,"20":0},"b":{"0":[0,0]},"_coverageSchema":"1a1c01bbd47fc00a2c39e90264f33305004495a9","hash":"4a96bcc2f9c80e9ed95d4516fae6837fbaf46028"}
,"/Users/kjrkessler/Coding/Coding-With-Mosh/Redux/redux-starter/src/store/configureStore.js": {"path":"/Users/kjrkessler/Coding/Coding-With-Mosh/Redux/redux-starter/src/store/configureStore.js","statementMap":{"0":{"start":{"line":8,"column":1},"end":{"line":16,"column":4}}},"fnMap":{"0":{"name":"(anonymous_0)","decl":{"start":{"line":7,"column":15},"end":{"line":7,"column":16}},"loc":{"start":{"line":7,"column":27},"end":{"line":17,"column":1}},"line":7}},"branchMap":{},"s":{"0":8},"f":{"0":8},"b":{},"_coverageSchema":"1a1c01bbd47fc00a2c39e90264f33305004495a9","hash":"b065fc29591cfdb768e766a1c848afd48d7185b5"}
}
