TN:
SF:src/store/bugs.js
FN:14,(anonymous_0)
FN:18,(anonymous_1)
FN:24,(anonymous_2)
FN:28,(anonymous_3)
FN:30,(anonymous_4)
FN:34,(anonymous_5)
FN:38,(anonymous_6)
FN:39,(anonymous_7)
FN:57,(anonymous_8)
FN:57,(anonymous_9)
FN:73,(anonymous_10)
FN:81,(anonymous_11)
FN:89,(anonymous_12)
FN:98,(anonymous_13)
FN:99,(anonymous_14)
FN:100,(anonymous_15)
FN:100,(anonymous_16)
FN:103,(anonymous_17)
FN:105,(anonymous_18)
FN:106,(anonymous_19)
FN:106,(anonymous_20)
FNF:21
FNH:12
FNDA:1,(anonymous_0)
FNDA:1,(anonymous_1)
FNDA:1,(anonymous_2)
FNDA:0,(anonymous_3)
FNDA:0,(anonymous_4)
FNDA:3,(anonymous_5)
FNDA:1,(anonymous_6)
FNDA:1,(anonymous_7)
FNDA:0,(anonymous_8)
FNDA:0,(anonymous_9)
FNDA:4,(anonymous_10)
FNDA:2,(anonymous_11)
FNDA:0,(anonymous_12)
FNDA:1,(anonymous_13)
FNDA:1,(anonymous_14)
FNDA:1,(anonymous_15)
FNDA:3,(anonymous_16)
FNDA:0,(anonymous_17)
FNDA:0,(anonymous_18)
FNDA:0,(anonymous_19)
FNDA:0,(anonymous_20)
DA:6,1
DA:15,1
DA:19,1
DA:20,1
DA:21,1
DA:25,1
DA:29,0
DA:30,0
DA:31,0
DA:35,3
DA:39,1
DA:40,1
DA:52,1
DA:55,1
DA:57,1
DA:58,0
DA:60,0
DA:61,0
DA:63,0
DA:73,1
DA:74,4
DA:81,1
DA:82,2
DA:89,1
DA:90,0
DA:97,1
DA:98,1
DA:99,1
DA:100,3
DA:103,1
DA:104,0
DA:105,0
DA:106,0
LF:33
LH:22
BRDA:61,0,0,0
BRDA:61,0,1,0
BRF:2
BRH:0
end_of_record
TN:
SF:src/store/configureStore.js
FN:7,(anonymous_0)
FNF:1
FNH:1
FNDA:8,(anonymous_0)
DA:8,8
LF:1
LH:1
BRF:0
BRH:0
end_of_record
